# JRE version: OpenJDK Runtime Environment (11.0.10) (build 11.0.10+0-b96-7249189)
# Java VM: OpenJDK 64-Bit Server VM (11.0.10+0-b96-7249189, mixed mode, tiered, compressed oops, g1 gc, windows-amd64)
Heap:
 garbage-first heap   total 284672K, used 181899K [0x0000000080000000, 0x0000000100000000)
  region size 1024K, 27 young (27648K), 10 survivors (10240K)
 Metaspace       used 183548K, capacity 188129K, committed 188280K, reserved 1212416K
  class space    used 23580K, capacity 25267K, committed 25344K, reserved 1048576K
GC Heap History (20 events):
Event: 2047.857 GC heap before
{Heap before GC invocations=48 (full 0):
 garbage-first heap   total 284672K, used 224577K [0x0000000080000000, 0x0000000100000000)
  region size 1024K, 86 young (88064K), 1 survivors (1024K)
 Metaspace       used 151262K, capacity 155018K, committed 155256K, reserved 1183744K
  class space    used 19239K, capacity 20620K, committed 20736K, reserved 1048576K
}
Event: 2047.877 GC heap after
{Heap after GC invocations=49 (full 0):
 garbage-first heap   total 284672K, used 142870K [0x0000000080000000, 0x0000000100000000)
  region size 1024K, 6 young (6144K), 6 survivors (6144K)
 Metaspace       used 151262K, capacity 155018K, committed 155256K, reserved 1183744K
  class space    used 19239K, capacity 20620K, committed 20736K, reserved 1048576K
}
Event: 2049.612 GC heap before
{Heap before GC invocations=50 (full 0):
 garbage-first heap   total 284672K, used 227862K [0x0000000080000000, 0x0000000100000000)
  region size 1024K, 89 young (91136K), 6 survivors (6144K)
 Metaspace       used 157847K, capacity 161804K, committed 161912K, reserved 1189888K
  class space    used 20281K, capacity 21727K, committed 21760K, reserved 1048576K
}
Event: 2049.634 GC heap after
{Heap after GC invocations=51 (full 0):
 garbage-first heap   total 284672K, used 147991K [0x0000000080000000, 0x0000000100000000)
  region size 1024K, 11 young (11264K), 11 survivors (11264K)
 Metaspace       used 157847K, capacity 161804K, committed 161912K, reserved 1189888K
  class space    used 20281K, capacity 21727K, committed 21760K, reserved 1048576K
}
Event: 2049.658 GC heap before
{Heap before GC invocations=51 (full 0):
 garbage-first heap   total 284672K, used 150039K [0x0000000080000000, 0x0000000100000000)
  region size 1024K, 13 young (13312K), 11 survivors (11264K)
 Metaspace       used 157878K, capacity 161871K, committed 161912K, reserved 1189888K
  class space    used 20284K, capacity 21728K, committed 21760K, reserved 1048576K
}
Event: 2049.692 GC heap after
{Heap after GC invocations=52 (full 0):
 garbage-first heap   total 284672K, used 144173K [0x0000000080000000, 0x0000000100000000)
  region size 1024K, 2 young (2048K), 2 survivors (2048K)
 Metaspace       used 157878K, capacity 161871K, committed 161912K, reserved 1189888K
  class space    used 20284K, capacity 21728K, committed 21760K, reserved 1048576K
}
Event: 2053.620 GC heap before
{Heap before GC invocations=52 (full 0):
 garbage-first heap   total 284672K, used 230189K [0x0000000080000000, 0x0000000100000000)
  region size 1024K, 86 young (88064K), 2 survivors (2048K)
 Metaspace       used 162636K, capacity 166786K, committed 167032K, reserved 1193984K
  class space    used 20952K, capacity 22469K, committed 22528K, reserved 1048576K
}
Event: 2053.647 GC heap after
{Heap after GC invocations=53 (full 0):
 garbage-first heap   total 284672K, used 148407K [0x0000000080000000, 0x0000000100000000)
  region size 1024K, 6 young (6144K), 6 survivors (6144K)
 Metaspace       used 162636K, capacity 166786K, committed 167032K, reserved 1193984K
  class space    used 20952K, capacity 22469K, committed 22528K, reserved 1048576K
}
Event: 2054.631 GC heap before
{Heap before GC invocations=54 (full 0):
 garbage-first heap   total 284672K, used 162743K [0x0000000080000000, 0x0000000100000000)
  region size 1024K, 21 young (21504K), 6 survivors (6144K)
 Metaspace       used 164603K, capacity 168673K, committed 169080K, reserved 1196032K
  class space    used 21176K, capacity 22650K, committed 22784K, reserved 1048576K
}
Event: 2054.648 GC heap after
{Heap after GC invocations=55 (full 0):
 garbage-first heap   total 284672K, used 149881K [0x0000000080000000, 0x0000000100000000)
  region size 1024K, 7 young (7168K), 7 survivors (7168K)
 Metaspace       used 164603K, capacity 168673K, committed 169080K, reserved 1196032K
  class space    used 21176K, capacity 22650K, committed 22784K, reserved 1048576K
}
Event: 2057.370 GC heap before
{Heap before GC invocations=56 (full 0):
 garbage-first heap   total 284672K, used 217465K [0x0000000080000000, 0x0000000100000000)
  region size 1024K, 73 young (74752K), 7 survivors (7168K)
 Metaspace       used 171329K, capacity 175474K, committed 175736K, reserved 1202176K
  class space    used 21984K, capacity 23495K, committed 23552K, reserved 1048576K
}
Event: 2057.407 GC heap after
{Heap after GC invocations=57 (full 0):
 garbage-first heap   total 284672K, used 153140K [0x0000000080000000, 0x0000000100000000)
  region size 1024K, 5 young (5120K), 5 survivors (5120K)
 Metaspace       used 171329K, capacity 175474K, committed 175736K, reserved 1202176K
  class space    used 21984K, capacity 23495K, committed 23552K, reserved 1048576K
}
Event: 2059.109 GC heap before
{Heap before GC invocations=58 (full 0):
 garbage-first heap   total 284672K, used 224820K [0x0000000080000000, 0x0000000100000000)
  region size 1024K, 75 young (76800K), 5 survivors (5120K)
 Metaspace       used 172141K, capacity 176301K, committed 176632K, reserved 1202176K
  class space    used 22057K, capacity 23600K, committed 23680K, reserved 1048576K
}
Event: 2059.126 GC heap after
{Heap after GC invocations=59 (full 0):
 garbage-first heap   total 284672K, used 156411K [0x0000000080000000, 0x0000000100000000)
  region size 1024K, 8 young (8192K), 8 survivors (8192K)
 Metaspace       used 172141K, capacity 176301K, committed 176632K, reserved 1202176K
  class space    used 22057K, capacity 23600K, committed 23680K, reserved 1048576K
}
Event: 2060.965 GC heap before
{Heap before GC invocations=59 (full 0):
 garbage-first heap   total 284672K, used 228091K [0x0000000080000000, 0x0000000100000000)
  region size 1024K, 79 young (80896K), 8 survivors (8192K)
 Metaspace       used 173227K, capacity 177464K, committed 177528K, reserved 1204224K
  class space    used 22194K, capacity 23754K, committed 23808K, reserved 1048576K
}
Event: 2061.058 GC heap after
{Heap after GC invocations=60 (full 0):
 garbage-first heap   total 284672K, used 157261K [0x0000000080000000, 0x0000000100000000)
  region size 1024K, 5 young (5120K), 5 survivors (5120K)
 Metaspace       used 173227K, capacity 177464K, committed 177528K, reserved 1204224K
  class space    used 22194K, capacity 23754K, committed 23808K, reserved 1048576K
}
Event: 2067.219 GC heap before
{Heap before GC invocations=61 (full 0):
 garbage-first heap   total 284672K, used 230989K [0x0000000080000000, 0x0000000100000000)
  region size 1024K, 77 young (78848K), 5 survivors (5120K)
 Metaspace       used 181080K, capacity 185462K, committed 185592K, reserved 1210368K
  class space    used 23278K, capacity 24950K, committed 24960K, reserved 1048576K
}
Event: 2067.279 GC heap after
{Heap after GC invocations=62 (full 0):
 garbage-first heap   total 284672K, used 161623K [0x0000000080000000, 0x0000000100000000)
  region size 1024K, 9 young (9216K), 9 survivors (9216K)
 Metaspace       used 181080K, capacity 185462K, committed 185592K, reserved 1210368K
  class space    used 23278K, capacity 24950K, committed 24960K, reserved 1048576K
}
Event: 2225.603 GC heap before
{Heap before GC invocations=62 (full 0):
 garbage-first heap   total 284672K, used 233303K [0x0000000080000000, 0x0000000100000000)
  region size 1024K, 80 young (81920K), 9 survivors (9216K)
 Metaspace       used 182874K, capacity 187468K, committed 187640K, reserved 1212416K
  class space    used 23483K, capacity 25158K, committed 25216K, reserved 1048576K
}
Event: 2225.694 GC heap after
{Heap after GC invocations=63 (full 0):
 garbage-first heap   total 284672K, used 166539K [0x0000000080000000, 0x0000000100000000)
  region size 1024K, 10 young (10240K), 10 survivors (10240K)
 Metaspace       used 182874K, capacity 187468K, committed 187640K, reserved 1212416K
  class space    used 23483K, capacity 25158K, committed 25216K, reserved 1048576K
}

